2025-11-13 10:57:02,133 - INFO - Starting Dinic's algorithm: source=0 sink=5
2025-11-13 10:57:02,503 - INFO - Iteration 1: Path 0 -> 1 -> 3 -> 5 added flow 5 (total: 5)
2025-11-13 10:57:02,879 - INFO - Iteration 2: Path 0 -> 1 -> 4 -> 5 added flow 2 (total: 7)
2025-11-13 10:57:03,290 - INFO - Iteration 3: Path 0 -> 2 -> 4 -> 5 added flow 8 (total: 15)
2025-11-13 10:57:03,666 - INFO - Iteration 4: Path 0 -> 1 -> 2 -> 3 -> 5 added flow 2 (total: 17)
2025-11-13 10:57:03,764 - INFO - Algorithm complete. Max flow: 17 in 1.532674s
2025-11-13 10:58:32,007 - INFO - ============================================================
2025-11-13 10:58:32,008 - INFO - Starting batch experiments
2025-11-13 10:58:32,008 - INFO - ============================================================
2025-11-13 10:58:32,008 - INFO - 
--- Running Sample Graphs ---
2025-11-13 10:58:32,008 - INFO - 
Processing: sample1.txt (source=0, sink=5)
2025-11-13 10:58:32,123 - INFO - Starting Dinic's algorithm: source=0 sink=5
2025-11-13 10:58:32,490 - INFO - Iteration 1: Path 0 -> 1 -> 3 -> 5 added flow 5 (total: 5)
2025-11-13 10:58:32,865 - INFO - Iteration 2: Path 0 -> 1 -> 4 -> 5 added flow 2 (total: 7)
2025-11-13 10:58:33,242 - INFO - Iteration 3: Path 0 -> 2 -> 4 -> 5 added flow 8 (total: 15)
2025-11-13 10:58:33,614 - INFO - Iteration 4: Path 0 -> 1 -> 2 -> 3 -> 5 added flow 2 (total: 17)
2025-11-13 10:58:33,712 - INFO - Algorithm complete. Max flow: 17 in 1.490966s
2025-11-13 10:58:33,712 - INFO -   ✓ Completed: max_flow=17, runtime=1.4910s
2025-11-13 10:58:33,712 - INFO - 
Processing: sample2.txt (source=0, sink=7)
2025-11-13 10:58:33,826 - INFO - Starting Dinic's algorithm: source=0 sink=7
2025-11-13 10:58:34,280 - INFO - Iteration 1: Path 0 -> 2 -> 4 -> 7 added flow 5 (total: 5)
2025-11-13 10:58:34,709 - INFO - Iteration 2: Path 0 -> 1 -> 2 -> 4 -> 7 added flow 3 (total: 8)
2025-11-13 10:58:35,148 - INFO - Iteration 3: Path 0 -> 1 -> 2 -> 6 -> 7 added flow 6 (total: 14)
2025-11-13 10:58:35,588 - INFO - Iteration 4: Path 0 -> 1 -> 3 -> 4 -> 7 added flow 1 (total: 15)
2025-11-13 10:58:35,698 - INFO - Algorithm complete. Max flow: 15 in 1.761619s
2025-11-13 10:58:35,698 - INFO -   ✓ Completed: max_flow=15, runtime=1.7616s
2025-11-13 10:58:35,698 - INFO - 
Processing: sample3.txt (source=0, sink=9)
2025-11-13 10:58:35,821 - INFO - Starting Dinic's algorithm: source=0 sink=9
2025-11-13 10:58:36,292 - INFO - Iteration 1: Path 0 -> 1 -> 3 -> 6 -> 9 added flow 5 (total: 5)
2025-11-13 10:58:36,785 - INFO - Iteration 2: Path 0 -> 1 -> 4 -> 7 -> 9 added flow 3 (total: 8)
2025-11-13 10:58:37,273 - INFO - Iteration 3: Path 0 -> 2 -> 4 -> 7 -> 9 added flow 6 (total: 14)
2025-11-13 10:58:37,390 - INFO - Algorithm complete. Max flow: 14 in 1.452518s
2025-11-13 10:58:37,390 - INFO -   ✓ Completed: max_flow=14, runtime=1.4525s
2025-11-13 10:58:37,390 - INFO - 
--- Running Family Graphs ---
2025-11-13 10:58:37,390 - INFO - 
Processing: family_A_layered.txt (source=0, sink=5, family=layered)
2025-11-13 10:58:37,483 - INFO - Starting Dinic's algorithm: source=0 sink=5
2025-11-13 10:58:37,799 - INFO - Iteration 1: Path 0 -> 1 -> 3 -> 5 added flow 5 (total: 5)
2025-11-13 10:58:38,150 - INFO - Iteration 2: Path 0 -> 1 -> 4 -> 5 added flow 3 (total: 8)
2025-11-13 10:58:38,484 - INFO - Iteration 3: Path 0 -> 2 -> 4 -> 5 added flow 6 (total: 14)
2025-11-13 10:58:38,577 - INFO - Algorithm complete. Max flow: 14 in 1.000963s
2025-11-13 10:58:38,578 - INFO -   ✓ Completed: max_flow=14, runtime=1.0010s
2025-11-13 10:58:38,578 - INFO - 
Processing: family_B_crosslinked.txt (source=0, sink=5, family=crosslinked)
2025-11-13 10:58:38,674 - INFO - Starting Dinic's algorithm: source=0 sink=5
2025-11-13 10:58:39,025 - INFO - Iteration 1: Path 0 -> 1 -> 3 -> 5 added flow 4 (total: 4)
2025-11-13 10:58:39,386 - INFO - Iteration 2: Path 0 -> 1 -> 4 -> 5 added flow 5 (total: 9)
2025-11-13 10:58:39,744 - INFO - Iteration 3: Path 0 -> 2 -> 3 -> 5 added flow 3 (total: 12)
2025-11-13 10:58:40,124 - INFO - Iteration 4: Path 0 -> 2 -> 4 -> 5 added flow 3 (total: 15)
2025-11-13 10:58:40,219 - INFO - Algorithm complete. Max flow: 15 in 1.449793s
2025-11-13 10:58:40,220 - INFO -   ✓ Completed: max_flow=15, runtime=1.4498s
2025-11-13 10:58:40,220 - INFO - 
Processing: family_C_dense.txt (source=0, sink=5, family=dense)
2025-11-13 10:58:40,320 - INFO - Starting Dinic's algorithm: source=0 sink=5
2025-11-13 10:58:40,689 - INFO - Iteration 1: Path 0 -> 3 -> 5 added flow 5 (total: 5)
2025-11-13 10:58:41,069 - INFO - Iteration 2: Path 0 -> 1 -> 3 -> 5 added flow 4 (total: 9)
2025-11-13 10:58:41,460 - INFO - Iteration 3: Path 0 -> 1 -> 4 -> 5 added flow 2 (total: 11)
2025-11-13 10:58:41,847 - INFO - Iteration 4: Path 0 -> 2 -> 4 -> 5 added flow 7 (total: 18)
2025-11-13 10:58:41,948 - INFO - Algorithm complete. Max flow: 18 in 1.527008s
2025-11-13 10:58:41,948 - INFO -   ✓ Completed: max_flow=18, runtime=1.5270s
2025-11-13 10:58:41,948 - INFO - 
Processing: family_D_sparse.txt (source=0, sink=5, family=sparse)
2025-11-13 10:58:42,051 - INFO - Starting Dinic's algorithm: source=0 sink=5
2025-11-13 10:58:42,307 - INFO - Iteration 1: Path 0 -> 1 -> 2 -> 3 -> 4 -> 5 added flow 4 (total: 4)
2025-11-13 10:58:42,387 - INFO - Algorithm complete. Max flow: 4 in 0.256648s
2025-11-13 10:58:42,388 - INFO -   ✓ Completed: max_flow=4, runtime=0.2566s
2025-11-13 10:58:42,388 - INFO - 
Processing: family_E_bidirectional.txt (source=0, sink=5, family=bidirectional)
2025-11-13 10:58:42,487 - INFO - Starting Dinic's algorithm: source=0 sink=5
2025-11-13 10:58:42,840 - INFO - Iteration 1: Path 0 -> 1 -> 3 -> 5 added flow 5 (total: 5)
2025-11-13 10:58:43,197 - INFO - Iteration 2: Path 0 -> 2 -> 4 -> 5 added flow 6 (total: 11)
2025-11-13 10:58:43,296 - INFO - Algorithm complete. Max flow: 11 in 0.709796s
2025-11-13 10:58:43,297 - INFO -   ✓ Completed: max_flow=11, runtime=0.7098s
2025-11-13 10:58:43,297 - INFO - 
============================================================
2025-11-13 10:58:43,297 - INFO - Batch experiments complete!
2025-11-13 10:58:43,297 - INFO - ============================================================
2025-11-13 10:58:43,297 - INFO - 
Results saved to: /Users/arun/dinics/results
2025-11-13 10:58:43,297 - INFO - Run 'python code/analyze.py' to generate analysis plots
